version https://git-lfs.github.com/spec/v1
oid sha256:bb2102e1d50a89f5892aafa3b68f0b2440fe544fa6e20093badcad9129206f6f
size 10343
